<test-run id="2" testcasecount="0" result="Passed" start-time="2022-09-22 15:45:28.196911" end-time="2022-09-22 15:45:28.800505" duration="0" total="0" passed="0" failed="0" inconclusive="0" skipped="0" asserts="0" clr-version="3.9.13 (main, Aug 25 2022, 23:26:10) &#10;[GCC 11.2.0]" engine-version="3.6.2"><command-line>/home/titaiwang/anaconda3/envs/pytorch-dev/bin/pytest -v onnxscript --cov=onnxscript --cov-report term-missing</command-line><filter><test re="0">onnxscript</test></filter></test-run>